-------------------------------------------------------------------------------
Test set: com.quipux.colegio.manager.Reto3ManagerTest
-------------------------------------------------------------------------------
Tests run: 3, Failures: 3, Errors: 0, Skipped: 0, Time elapsed: 0.057 s <<< FAILURE! -- in com.quipux.colegio.manager.Reto3ManagerTest
com.quipux.colegio.manager.Reto3ManagerTest.managerDebeSerUnServicio -- Time elapsed: 0.007 s <<< FAILURE!
org.opentest4j.AssertionFailedError: Falta la anotación @Service ==> expected: <true> but was: <false>
	at org.junit.jupiter.api.AssertionFailureBuilder.build(AssertionFailureBuilder.java:151)
	at org.junit.jupiter.api.AssertionFailureBuilder.buildAndThrow(AssertionFailureBuilder.java:132)
	at org.junit.jupiter.api.AssertTrue.failNotTrue(AssertTrue.java:63)
	at org.junit.jupiter.api.AssertTrue.assertTrue(AssertTrue.java:36)
	at org.junit.jupiter.api.Assertions.assertTrue(Assertions.java:214)
	at com.quipux.colegio.manager.Reto3ManagerTest.managerDebeSerUnServicio(Reto3ManagerTest.java:14)
	at java.base/java.lang.reflect.Method.invoke(Method.java:569)
	at java.base/java.util.ArrayList.forEach(ArrayList.java:1511)
	at java.base/java.util.ArrayList.forEach(ArrayList.java:1511)

com.quipux.colegio.manager.Reto3ManagerTest.prohibidoGuardarNombreVacio -- Time elapsed: 0.029 s <<< FAILURE!
org.opentest4j.AssertionFailedError: Debe validar que el nombre no venga nulo ni vacío ==> expected: <Nombre invalido> but was: <Cannot invoke "com.quipux.colegio.dao.HechizoDao.guardarHechizo(com.quipux.colegio.models.HechizoEntity)" because "this.hechizoDao" is null>
	at org.junit.jupiter.api.AssertionFailureBuilder.build(AssertionFailureBuilder.java:151)
	at org.junit.jupiter.api.AssertionFailureBuilder.buildAndThrow(AssertionFailureBuilder.java:132)
	at org.junit.jupiter.api.AssertEquals.failNotEqual(AssertEquals.java:197)
	at org.junit.jupiter.api.AssertEquals.assertEquals(AssertEquals.java:182)
	at org.junit.jupiter.api.Assertions.assertEquals(Assertions.java:1156)
	at com.quipux.colegio.manager.Reto3ManagerTest.prohibidoGuardarNombreVacio(Reto3ManagerTest.java:28)
	at java.base/java.lang.reflect.Method.invoke(Method.java:569)
	at java.base/java.util.ArrayList.forEach(ArrayList.java:1511)
	at java.base/java.util.ArrayList.forEach(ArrayList.java:1511)

com.quipux.colegio.manager.Reto3ManagerTest.prohibidoGuardarMagiaOscura -- Time elapsed: 0.005 s <<< FAILURE!
org.opentest4j.AssertionFailedError: El mensaje de error debe ser exactamente el indicado ==> expected: <Magia prohibida en el colegio> but was: <Cannot invoke "com.quipux.colegio.dao.HechizoDao.guardarHechizo(com.quipux.colegio.models.HechizoEntity)" because "this.hechizoDao" is null>
	at org.junit.jupiter.api.AssertionFailureBuilder.build(AssertionFailureBuilder.java:151)
	at org.junit.jupiter.api.AssertionFailureBuilder.buildAndThrow(AssertionFailureBuilder.java:132)
	at org.junit.jupiter.api.AssertEquals.failNotEqual(AssertEquals.java:197)
	at org.junit.jupiter.api.AssertEquals.assertEquals(AssertEquals.java:182)
	at org.junit.jupiter.api.Assertions.assertEquals(Assertions.java:1156)
	at com.quipux.colegio.manager.Reto3ManagerTest.prohibidoGuardarMagiaOscura(Reto3ManagerTest.java:41)
	at java.base/java.lang.reflect.Method.invoke(Method.java:569)
	at java.base/java.util.ArrayList.forEach(ArrayList.java:1511)
	at java.base/java.util.ArrayList.forEach(ArrayList.java:1511)

