-------------------------------------------------------------------------------
Test set: com.quipux.colegio.services.Reto4ServiceIntegrationTest
-------------------------------------------------------------------------------
Tests run: 3, Failures: 2, Errors: 0, Skipped: 0, Time elapsed: 0.069 s <<< FAILURE! -- in com.quipux.colegio.services.Reto4ServiceIntegrationTest
com.quipux.colegio.services.Reto4ServiceIntegrationTest.controllerDebeTenerPathPrincipal -- Time elapsed: 0.026 s <<< FAILURE!
org.opentest4j.AssertionFailedError: HechizoService debe tener @Path ==> expected: not <null>
	at org.junit.jupiter.api.AssertionFailureBuilder.build(AssertionFailureBuilder.java:152)
	at org.junit.jupiter.api.AssertionFailureBuilder.buildAndThrow(AssertionFailureBuilder.java:132)
	at org.junit.jupiter.api.AssertNotNull.failNull(AssertNotNull.java:49)
	at org.junit.jupiter.api.AssertNotNull.assertNotNull(AssertNotNull.java:35)
	at org.junit.jupiter.api.Assertions.assertNotNull(Assertions.java:312)
	at com.quipux.colegio.services.Reto4ServiceIntegrationTest.controllerDebeTenerPathPrincipal(Reto4ServiceIntegrationTest.java:18)
	at java.base/java.lang.reflect.Method.invoke(Method.java:569)
	at java.base/java.util.ArrayList.forEach(ArrayList.java:1511)
	at java.base/java.util.ArrayList.forEach(ArrayList.java:1511)

com.quipux.colegio.services.Reto4ServiceIntegrationTest.metodosDebenTenerVerbosHTTP -- Time elapsed: 0.014 s <<< FAILURE!
org.opentest4j.AssertionFailedError: crearHechizo debe ser un @POST ==> expected: <true> but was: <false>
	at org.junit.jupiter.api.AssertionFailureBuilder.build(AssertionFailureBuilder.java:151)
	at org.junit.jupiter.api.AssertionFailureBuilder.buildAndThrow(AssertionFailureBuilder.java:132)
	at org.junit.jupiter.api.AssertTrue.failNotTrue(AssertTrue.java:63)
	at org.junit.jupiter.api.AssertTrue.assertTrue(AssertTrue.java:36)
	at org.junit.jupiter.api.Assertions.assertTrue(Assertions.java:214)
	at com.quipux.colegio.services.Reto4ServiceIntegrationTest.metodosDebenTenerVerbosHTTP(Reto4ServiceIntegrationTest.java:25)
	at java.base/java.lang.reflect.Method.invoke(Method.java:569)
	at java.base/java.util.ArrayList.forEach(ArrayList.java:1511)
	at java.base/java.util.ArrayList.forEach(ArrayList.java:1511)

