-------------------------------------------------------------------------------
Test set: com.quipux.colegio.dao.Reto2DaoTest
-------------------------------------------------------------------------------
Tests run: 2, Failures: 2, Errors: 0, Skipped: 0, Time elapsed: 0.437 s <<< FAILURE! -- in com.quipux.colegio.dao.Reto2DaoTest
com.quipux.colegio.dao.Reto2DaoTest.daoDebeUsarSetParameterYPersist -- Time elapsed: 0.224 s <<< FAILURE!
org.opentest4j.AssertionFailedError: Debes usar persist() para guardar el hechizo ==> expected: <true> but was: <false>
	at org.junit.jupiter.api.AssertionFailureBuilder.build(AssertionFailureBuilder.java:151)
	at org.junit.jupiter.api.AssertionFailureBuilder.buildAndThrow(AssertionFailureBuilder.java:132)
	at org.junit.jupiter.api.AssertTrue.failNotTrue(AssertTrue.java:63)
	at org.junit.jupiter.api.AssertTrue.assertTrue(AssertTrue.java:36)
	at org.junit.jupiter.api.Assertions.assertTrue(Assertions.java:214)
	at com.quipux.colegio.dao.Reto2DaoTest.daoDebeUsarSetParameterYPersist(Reto2DaoTest.java:28)
	at java.base/java.lang.reflect.Method.invoke(Method.java:569)
	at java.base/java.util.ArrayList.forEach(ArrayList.java:1511)
	at java.base/java.util.ArrayList.forEach(ArrayList.java:1511)

com.quipux.colegio.dao.Reto2DaoTest.daoDebeSerRepository -- Time elapsed: 0.010 s <<< FAILURE!
org.opentest4j.AssertionFailedError: HechizoDaoImpl debe tener la anotación @Repository ==> expected: <true> but was: <false>
	at org.junit.jupiter.api.AssertionFailureBuilder.build(AssertionFailureBuilder.java:151)
	at org.junit.jupiter.api.AssertionFailureBuilder.buildAndThrow(AssertionFailureBuilder.java:132)
	at org.junit.jupiter.api.AssertTrue.failNotTrue(AssertTrue.java:63)
	at org.junit.jupiter.api.AssertTrue.assertTrue(AssertTrue.java:36)
	at org.junit.jupiter.api.Assertions.assertTrue(Assertions.java:214)
	at com.quipux.colegio.dao.Reto2DaoTest.daoDebeSerRepository(Reto2DaoTest.java:19)
	at java.base/java.lang.reflect.Method.invoke(Method.java:569)
	at java.base/java.util.ArrayList.forEach(ArrayList.java:1511)
	at java.base/java.util.ArrayList.forEach(ArrayList.java:1511)

